[18:28:53] Script starting
[18:28:53] Importing numpy...
[18:28:59] numpy imported in 6.42s
[18:28:59] Importing torch...
[18:31:44] torch imported in 164.41s
[18:31:44] CUDA is available. Device count: 1
[18:31:44] Current device: 0
[18:31:44] Device name: NVIDIA A40
[18:31:44] Importing tqdm...
[18:31:44] tqdm imported in 0.00s
[18:31:44] Importing faiss...
[18:31:45] faiss imported in 0.91s
[18:31:45] Importing data_structures...
[18:31:45] data_structures imported in 0.00s
[18:31:45] Importing vocab...
[18:31:45] vocab imported in 0.00s
[18:31:45] Importing knnlm_func...
[18:31:45] knnlm_func imported in 0.00s
[18:31:45] All imports completed
[18:31:45] Testing basic torch operations...
[18:33:20] Basic CUDA tensor operations completed in 95.61s
[18:33:20] Script completed
