Unsetting PYTHONPATH and PYTHONHOME
[19:03:39] Script starting
[19:03:39] Importing numpy...
[19:03:42] numpy imported in 2.93s
[19:03:42] Importing torch...
[19:04:01] torch imported in 18.99s
[19:04:01] CUDA is available. Device count: 1
[19:04:01] Current device: 0
[19:04:01] Device name: NVIDIA A40
[19:04:01] Importing tqdm...
[19:04:01] tqdm imported in 0.00s
[19:04:01] Importing faiss...
[19:04:02] faiss imported in 1.25s
[19:04:02] Importing data_structures...
[19:04:02] data_structures imported in 0.07s
[19:04:02] Importing vocab...
[19:04:02] vocab imported in 0.06s
[19:04:02] Importing knnlm_func...
[19:04:03] knnlm_func imported in 0.06s
[19:04:03] All imports completed
[19:04:03] Testing basic torch operations...
[19:05:17] Basic CUDA tensor operations completed in 73.97s
[19:05:17] Script completed
