[18:31:09] Script starting
[18:31:09] Importing numpy...
[18:31:09] numpy imported in 0.21s
[18:31:09] Importing torch...
[18:31:20] torch imported in 10.83s
[18:31:20] CUDA is available. Device count: 1
[18:31:20] Current device: 0
[18:31:20] Device name: NVIDIA A40
[18:31:20] Importing tqdm...
[18:31:20] tqdm imported in 0.00s
[18:31:20] Importing faiss...
[18:31:20] faiss imported in 0.12s
[18:31:20] Importing data_structures...
[18:31:20] data_structures imported in 0.04s
[18:31:20] Importing vocab...
[18:31:20] vocab imported in 0.04s
[18:31:20] Importing knnlm_func...
[18:31:20] knnlm_func imported in 0.05s
[18:31:20] All imports completed
[18:31:20] Testing basic torch operations...
[18:33:19] Basic CUDA tensor operations completed in 118.97s
[18:33:19] Script completed
