2025-04-05 20:04:33 | INFO | fairseq_cli.eval_lm | Namespace(add_bos_token=False, all_gather_list_size=16384, bpe=None, context_window=1536, cpu=False, criterion='cross_entropy', data='data-bin/wikitext-103', dataset_impl=None, dstore_filename=None, dstore_fp16=True, dstore_mmap='datastore/wikitext-103/train/dstore', dstore_size=103225485, empty_cache_freq=0, faiss_metric_type='l2', force_anneal=None, fp16=True, fp16_init_scale=128, fp16_no_flatten_grads=False, fp16_scale_tolerance=0.0, fp16_scale_window=None, future_target=False, gen_subset='train', indexfile=None, k=1024, knn_keytype='last_ffn_input', knn_sim_func=None, knnlm=False, lm_eval=True, lmbda=0.0, log_format=None, log_interval=1000, lr_scheduler='fixed', lr_shrink=0.1, max_sentences=None, max_target_positions=None, max_tokens=3072, memory_efficient_fp16=False, min_loss_scale=0.0001, model_overrides="{'knn_keytype': 'last_ffn_input'}", momentum=0.99, move_dstore_to_mem=False, no_load_keys=False, no_min_context=False, no_progress_bar=False, num_shards=1, num_workers=1, optimizer='nag', output_dictionary_size=-1, output_word_probs=False, output_word_stats=False, past_target=False, path='adaptive_lm_wiki103.v2/model.pt', probe=8, quiet=False, remove_bpe=None, required_batch_size_multiple=8, results_path=None, sample_break_mode='none', save_knnlm_dstore=True, seed=1, self_target=False, shard_id=0, skip_invalid_size_inputs_valid_test=False, softmax_batch=1024, task='language_modeling', tensorboard_logdir='', threshold_loss_scale=None, tokenizer=None, tokens_per_sample=1536, truncate_sequence=False, user_dir=None, warmup_updates=0, weight_decay=0.0)
2025-04-05 20:04:33 | INFO | fairseq.tasks.language_modeling | dictionary: 267744 types
2025-04-05 20:04:33 | INFO | fairseq_cli.eval_lm | loading model(s) from adaptive_lm_wiki103.v2/model.pt
2025-04-05 20:04:57 | INFO | fairseq.tasks.language_modeling | dictionary: 267744 types
2025-04-05 20:04:58 | INFO | fairseq.data.data_utils | loaded 2966379 examples from: data-bin/wikitext-103/train
2025-04-05 20:04:58 | INFO | fairseq_cli.eval_lm | data-bin/wikitext-103 train 67964 examples
2025-04-05 20:08:58 | INFO | fairseq_cli.eval_lm | num. model params: 246933504
keytype being saved: last_ffn_input
Saving fp16
prob = (103225485, 1) float16
keys = (103225485, 1024) float16
vals = (103225485, 1) int32
2025-04-05 20:12:30 | INFO | fairseq.progress_bar | :    999 / 33982 wps=14665
2025-04-05 20:15:43 | INFO | fairseq.progress_bar | :   1999 / 33982 wps=15248
2025-04-05 20:19:02 | INFO | fairseq.progress_bar | :   2999 / 33982 wps=15305
2025-04-05 20:22:21 | INFO | fairseq.progress_bar | :   3999 / 33982 wps=15337
2025-04-05 20:25:34 | INFO | fairseq.progress_bar | :   4999 / 33982 wps=15451
2025-04-05 20:28:56 | INFO | fairseq.progress_bar | :   5999 / 33982 wps=15417
2025-04-05 20:32:10 | INFO | fairseq.progress_bar | :   6999 / 33982 wps=15471
2025-04-05 20:35:31 | INFO | fairseq.progress_bar | :   7999 / 33982 wps=15452
2025-04-05 20:39:01 | INFO | fairseq.progress_bar | :   8999 / 33982 wps=15357
2025-04-05 20:42:32 | INFO | fairseq.progress_bar | :   9999 / 33982 wps=15272
2025-04-05 20:45:53 | INFO | fairseq.progress_bar | :  10999 / 33982 wps=15273
2025-04-05 20:49:17 | INFO | fairseq.progress_bar | :  11999 / 33982 wps=15256
2025-04-05 20:52:32 | INFO | fairseq.progress_bar | :  12999 / 33982 wps=15293
2025-04-05 20:55:49 | INFO | fairseq.progress_bar | :  13999 / 33982 wps=15309
2025-04-05 20:59:04 | INFO | fairseq.progress_bar | :  14999 / 33982 wps=15340
2025-04-05 21:02:22 | INFO | fairseq.progress_bar | :  15999 / 33982 wps=15351
2025-04-05 21:05:44 | INFO | fairseq.progress_bar | :  16999 / 33982 wps=15342
2025-04-05 21:09:01 | INFO | fairseq.progress_bar | :  17999 / 33982 wps=15358
2025-04-05 21:12:58 | INFO | fairseq.progress_bar | :  18999 / 33982 wps=15210
2025-04-05 21:16:24 | INFO | fairseq.progress_bar | :  19999 / 33982 wps=15193
2025-04-05 21:19:40 | INFO | fairseq.progress_bar | :  20999 / 33982 wps=15214
2025-04-05 21:22:56 | INFO | fairseq.progress_bar | :  21999 / 33982 wps=15237
2025-04-05 21:26:22 | INFO | fairseq.progress_bar | :  22999 / 33982 wps=15223
2025-04-05 21:29:45 | INFO | fairseq.progress_bar | :  23999 / 33982 wps=15219
2025-04-05 21:33:03 | INFO | fairseq.progress_bar | :  24999 / 33982 wps=15229
2025-04-05 21:36:41 | INFO | fairseq.progress_bar | :  25999 / 33982 wps=15181
2025-04-05 21:40:01 | INFO | fairseq.progress_bar | :  26999 / 33982 wps=15189
2025-04-05 21:43:16 | INFO | fairseq.progress_bar | :  27999 / 33982 wps=15209
2025-04-05 21:46:37 | INFO | fairseq.progress_bar | :  28999 / 33982 wps=15211
2025-04-05 21:49:54 | INFO | fairseq.progress_bar | :  29999 / 33982 wps=15223
2025-04-05 21:53:12 | INFO | fairseq.progress_bar | :  30999 / 33982 wps=15233
2025-04-05 21:56:26 | INFO | fairseq.progress_bar | :  31999 / 33982 wps=15252
2025-04-05 21:59:38 | INFO | fairseq.progress_bar | :  32999 / 33982 wps=15273
2025-04-05 22:02:26 | INFO | fairseq_cli.eval_lm | Evaluated 104392050 tokens in 4741.9s (22014.77 tokens/s)
2025-04-05 22:02:27 | INFO | fairseq_cli.eval_lm | Loss (base 2): 3.7402, Perplexity: 13.36
Already done. Skipping.
Already done. Skipping.
Already done. Skipping.
Already done. Skipping.
Already done. Skipping.
Already done. Skipping.
Already done. Skipping.
Already done. Skipping.
Already done. Skipping.
Already done. Skipping.
Already done. Skipping.
Already done. Skipping.
Already done. Skipping.
Already done. Skipping.
Already done. Skipping.
Already done. Skipping.
Already done. Skipping.
Already done. Skipping.
Already done. Skipping.
Already done. Skipping.
Already done. Skipping.
Already done. Skipping.
Already done. Skipping.
Already done. Skipping.
Already done. Skipping.
Already done. Skipping.
Already done. Skipping.
Already done. Skipping.
Already done. Skipping.
Already done. Skipping.
Already done. Skipping.
Already done. Skipping.
Already done. Skipping.
Already done. Skipping.
Already done. Skipping.
Already done. Skipping.
Already done. Skipping.
Already done. Skipping.
Already done. Skipping.
Already done. Skipping.
Already done. Skipping.
Already done. Skipping.
Already done. Skipping.
Already done. Skipping.
Already done. Skipping.
Already done. Skipping.
Already done. Skipping.
Already done. Skipping.
Already done. Skipping.
Already done. Skipping.
Already done. Skipping.
Already done. Skipping.
Already done. Skipping.
Already done. Skipping.
Already done. Skipping.
Already done. Skipping.
Already done. Skipping.
Already done. Skipping.
Already done. Skipping.
Already done. Skipping.
Already done. Skipping.
Already done. Skipping.
Already done. Skipping.
Already done. Skipping.
Already done. Skipping.
Already done. Skipping.
Already done. Skipping.
Already done. Skipping.
Already done. Skipping.
Already done. Skipping.
Already done. Skipping.
Already done. Skipping.
Already done. Skipping.
Already done. Skipping.
Already done. Skipping.
Already done. Skipping.
Already done. Skipping.
Already done. Skipping.
Already done. Skipping.
Already done. Skipping.
Already done. Skipping.
Already done. Skipping.
Already done. Skipping.
Already done. Skipping.
Already done. Skipping.
Already done. Skipping.
Already done. Skipping.
Already done. Skipping.
Already done. Skipping.
Already done. Skipping.
Already done. Skipping.
Already done. Skipping.
Already done. Skipping.
Already done. Skipping.
Already done. Skipping.
Already done. Skipping.
Already done. Skipping.
Already done. Skipping.
Already done. Skipping.
Already done. Skipping.
Already done. Skipping.
Already done. Skipping.
Already done. Skipping.
Already done. Skipping.
Already done. Skipping.
Already done. Skipping.
Already done. Skipping.
Already done. Skipping.
Already done. Skipping.
Already done. Skipping.
Already done. Skipping.
Already done. Skipping.
Already done. Skipping.
Already done. Skipping.
Already done. Skipping.
Already done. Skipping.
Already done. Skipping.
Already done. Skipping.
Already done. Skipping.
Already done. Skipping.
Already done. Skipping.
Already done. Skipping.
Already done. Skipping.
Already done. Skipping.
Already done. Skipping.
Already done. Skipping.
Already done. Skipping.
Already done. Skipping.
Already done. Skipping.
Already done. Skipping.
Already done. Skipping.
Already done. Skipping.
Already done. Skipping.
Already done. Skipping.
Already done. Skipping.
Already done. Skipping.
Already done. Skipping.
Already done. Skipping.
Already done. Skipping.
Already done. Skipping.
Already done. Skipping.
Already done. Skipping.
Already done. Skipping.
Already done. Skipping.
Already done. Skipping.
Already done. Skipping.
Already done. Skipping.
Already done. Skipping.
Already done. Skipping.
Already done. Skipping.
Already done. Skipping.
Already done. Skipping.
Already done. Skipping.
Already done. Skipping.
Already done. Skipping.
Already done. Skipping.
Already done. Skipping.
Already done. Skipping.
Already done. Skipping.
Already done. Skipping.
Already done. Skipping.
Already done. Skipping.
Already done. Skipping.
Already done. Skipping.
Already done. Skipping.
Already done. Skipping.
Already done. Skipping.
Already done. Skipping.
Already done. Skipping.
Already done. Skipping.
Already done. Skipping.
Already done. Skipping.
Already done. Skipping.
Already done. Skipping.
Already done. Skipping.
Already done. Skipping.
Already done. Skipping.
Already done. Skipping.
Already done. Skipping.
Already done. Skipping.
Already done. Skipping.
Already done. Skipping.
Already done. Skipping.
Already done. Skipping.
Already done. Skipping.
Already done. Skipping.
Already done. Skipping.
Already done. Skipping.
Already done. Skipping.
Already done. Skipping.
Already done. Skipping.
Already done. Skipping.
Already done. Skipping.
Already done. Skipping.
Already done. Skipping.
Already done. Skipping.
Already done. Skipping.
Already done. Skipping.
Already done. Skipping.
Already done. Skipping.
Already done. Skipping.
Already done. Skipping.
Already done. Skipping.
Already done. Skipping.
Already done. Skipping.
Already done. Skipping.
Already done. Skipping.
Already done. Skipping.
Already done. Skipping.
Already done. Skipping.
Already done. Skipping.
Already done. Skipping.
Already done. Skipping.
Already done. Skipping.
Already done. Skipping.
Already done. Skipping.
Already done. Skipping.
Already done. Skipping.
Already done. Skipping.
Already done. Skipping.
Already done. Skipping.
Already done. Skipping.
Already done. Skipping.
Already done. Skipping.
Already done. Skipping.
Already done. Skipping.
Already done. Skipping.
Already done. Skipping.
Already done. Skipping.
Already done. Skipping.
Already done. Skipping.
Already done. Skipping.
Already done. Skipping.
Already done. Skipping.
Already done. Skipping.
Already done. Skipping.
Already done. Skipping.
Already done. Skipping.
Already done. Skipping.
Already done. Skipping.
Already done. Skipping.
Already done. Skipping.
Already done. Skipping.
Already done. Skipping.
Already done. Skipping.
Already done. Skipping.
Already done. Skipping.
Already done. Skipping.
Already done. Skipping.
Already done. Skipping.
Already done. Skipping.
Already done. Skipping.
Already done. Skipping.
Already done. Skipping.
Already done. Skipping.
Already done. Skipping.
Already done. Skipping.
Already done. Skipping.
Already done. Skipping.
Already done. Skipping.
Already done. Skipping.
Already done. Skipping.
Already done. Skipping.
Already done. Skipping.
Already done. Skipping.
Already done. Skipping.
Already done. Skipping.
Already done. Skipping.
Already done. Skipping.
Already done. Skipping.
Already done. Skipping.
Already done. Skipping.
Already done. Skipping.
Already done. Skipping.
Already done. Skipping.
Already done. Skipping.
Already done. Skipping.
Already done. Skipping.
Already done. Skipping.
Already done. Skipping.
Already done. Skipping.
Already done. Skipping.
Already done. Skipping.
Already done. Skipping.
Already done. Skipping.
Already done. Skipping.
Already done. Skipping.
Already done. Skipping.
Already done. Skipping.
Already done. Skipping.
Already done. Skipping.
Already done. Skipping.
Already done. Skipping.
Already done. Skipping.
Already done. Skipping.
Already done. Skipping.
Already done. Skipping.
Already done. Skipping.
Already done. Skipping.
Already done. Skipping.
Already done. Skipping.
Already done. Skipping.
Already done. Skipping.
Already done. Skipping.
Already done. Skipping.
Already done. Skipping.
Already done. Skipping.
Already done. Skipping.
Already done. Skipping.
Already done. Skipping.
Already done. Skipping.
Already done. Skipping.
Already done. Skipping.
Already done. Skipping.
Already done. Skipping.
Already done. Skipping.
Already done. Skipping.
Already done. Skipping.
Already done. Skipping.
Already done. Skipping.
Already done. Skipping.
Already done. Skipping.
Already done. Skipping.
Already done. Skipping.
Already done. Skipping.
Already done. Skipping.
Already done. Skipping.
Already done. Skipping.
Already done. Skipping.
Already done. Skipping.
Already done. Skipping.
Already done. Skipping.
Already done. Skipping.
Already done. Skipping.
Already done. Skipping.
Already done. Skipping.
Already done. Skipping.
Already done. Skipping.
Already done. Skipping.
Already done. Skipping.
Already done. Skipping.
Already done. Skipping.
Already done. Skipping.
Already done. Skipping.
Already done. Skipping.
Already done. Skipping.
Already done. Skipping.
Already done. Skipping.
Already done. Skipping.
Already done. Skipping.
Already done. Skipping.
Already done. Skipping.
Already done. Skipping.
Already done. Skipping.
Already done. Skipping.
Already done. Skipping.
Already done. Skipping.
Already done. Skipping.
Already done. Skipping.
Already done. Skipping.
Already done. Skipping.
Already done. Skipping.
Already done. Skipping.
Already done. Skipping.
Already done. Skipping.
Already done. Skipping.
Already done. Skipping.
Already done. Skipping.
Already done. Skipping.
Already done. Skipping.
Already done. Skipping.
Already done. Skipping.
Already done. Skipping.
Already done. Skipping.
Already done. Skipping.
Already done. Skipping.
Already done. Skipping.
Already done. Skipping.
Already done. Skipping.
Already done. Skipping.
Already done. Skipping.
Already done. Skipping.
Already done. Skipping.
Already done. Skipping.
Already done. Skipping.
Already done. Skipping.
Already done. Skipping.
Already done. Skipping.
Already done. Skipping.
Already done. Skipping.
Already done. Skipping.
Already done. Skipping.
Already done. Skipping.
Already done. Skipping.
Already done. Skipping.
Already done. Skipping.
Already done. Skipping.
Already done. Skipping.
Already done. Skipping.
Already done. Skipping.
Already done. Skipping.
Already done. Skipping.
Already done. Skipping.
Already done. Skipping.
Already done. Skipping.
Already done. Skipping.
Already done. Skipping.
Already done. Skipping.
Already done. Skipping.
Already done. Skipping.
Already done. Skipping.
Already done. Skipping.
Already done. Skipping.
Already done. Skipping.
Already done. Skipping.
Already done. Skipping.
Already done. Skipping.
Already done. Skipping.
Already done. Skipping.
Already done. Skipping.
Already done. Skipping.
Already done. Skipping.
Already done. Skipping.
Already done. Skipping.
Already done. Skipping.
Already done. Skipping.
Already done. Skipping.
Already done. Skipping.
Already done. Skipping.
Already done. Skipping.
Already done. Skipping.
Already done. Skipping.
Already done. Skipping.
Already done. Skipping.
Already done. Skipping.
Already done. Skipping.
Already done. Skipping.
Already done. Skipping.
Already done. Skipping.
Already done. Skipping.
Already done. Skipping.
Already done. Skipping.
Already done. Skipping.
Already done. Skipping.
Already done. Skipping.
Already done. Skipping.
Already done. Skipping.
Already done. Skipping.
Already done. Skipping.
Already done. Skipping.
Already done. Skipping.
Already done. Skipping.
Already done. Skipping.
Already done. Skipping.
Already done. Skipping.
Already done. Skipping.
Already done. Skipping.
Already done. Skipping.
Already done. Skipping.
Already done. Skipping.
Already done. Skipping.
Already done. Skipping.
Already done. Skipping.
Already done. Skipping.
Already done. Skipping.
Already done. Skipping.
Already done. Skipping.
Already done. Skipping.
Already done. Skipping.
Already done. Skipping.
Already done. Skipping.
Already done. Skipping.
Already done. Skipping.
Already done. Skipping.
Already done. Skipping.
Already done. Skipping.
Already done. Skipping.
Already done. Skipping.
Already done. Skipping.
Already done. Skipping.
Already done. Skipping.
Already done. Skipping.
Already done. Skipping.
Already done. Skipping.
Already done. Skipping.
Already done. Skipping.
Already done. Skipping.
Already done. Skipping.
Already done. Skipping.
Already done. Skipping.
Already done. Skipping.
Already done. Skipping.
Already done. Skipping.
Already done. Skipping.
Already done. Skipping.
Already done. Skipping.
Already done. Skipping.
Already done. Skipping.
Already done. Skipping.
Already done. Skipping.
Already done. Skipping.
Already done. Skipping.
Already done. Skipping.
Already done. Skipping.
Already done. Skipping.
Already done. Skipping.
Already done. Skipping.
Already done. Skipping.
Already done. Skipping.
Already done. Skipping.
Already done. Skipping.
Already done. Skipping.
Already done. Skipping.
Already done. Skipping.
Already done. Skipping.
Already done. Skipping.
Already done. Skipping.
Already done. Skipping.
Already done. Skipping.
Already done. Skipping.
Already done. Skipping.
Already done. Skipping.
Already done. Skipping.
Already done. Skipping.
Already done. Skipping.
Already done. Skipping.
Already done. Skipping.
Already done. Skipping.
Already done. Skipping.
Already done. Skipping.
Already done. Skipping.
Already done. Skipping.
Already done. Skipping.
Already done. Skipping.
Already done. Skipping.
Already done. Skipping.
Already done. Skipping.
Already done. Skipping.
Already done. Skipping.
Already done. Skipping.
Already done. Skipping.
Already done. Skipping.
Already done. Skipping.
Already done. Skipping.
Already done. Skipping.
Already done. Skipping.
Already done. Skipping.
Already done. Skipping.
Already done. Skipping.
Already done. Skipping.
Already done. Skipping.
Already done. Skipping.
Already done. Skipping.
Already done. Skipping.
Already done. Skipping.
Already done. Skipping.
Already done. Skipping.
Already done. Skipping.
Already done. Skipping.
Already done. Skipping.
Already done. Skipping.
Already done. Skipping.
Already done. Skipping.
Already done. Skipping.
Already done. Skipping.
Already done. Skipping.
Already done. Skipping.
Already done. Skipping.
Already done. Skipping.
Already done. Skipping.
Already done. Skipping.
Already done. Skipping.
Already done. Skipping.
Already done. Skipping.
Already done. Skipping.
Already done. Skipping.
Already done. Skipping.
Already done. Skipping.
Already done. Skipping.
Already done. Skipping.
Already done. Skipping.
Already done. Skipping.
Already done. Skipping.
Already done. Skipping.
Already done. Skipping.
Already done. Skipping.
Already done. Skipping.
Already done. Skipping.
Already done. Skipping.
Already done. Skipping.
Already done. Skipping.
Already done. Skipping.
Already done. Skipping.
Already done. Skipping.
Already done. Skipping.
Already done. Skipping.
Already done. Skipping.
Already done. Skipping.
Already done. Skipping.
Already done. Skipping.
Already done. Skipping.
Already done. Skipping.
Already done. Skipping.
Already done. Skipping.
Already done. Skipping.
Already done. Skipping.
Already done. Skipping.
Already done. Skipping.
Already done. Skipping.
Already done. Skipping.
Already done. Skipping.
Already done. Skipping.
Already done. Skipping.
Already done. Skipping.
Already done. Skipping.
Already done. Skipping.
Already done. Skipping.
Already done. Skipping.
Already done. Skipping.
Already done. Skipping.
Already done. Skipping.
Already done. Skipping.
Already done. Skipping.
Already done. Skipping.
Already done. Skipping.
Already done. Skipping.
Already done. Skipping.
Already done. Skipping.
Already done. Skipping.
Already done. Skipping.
Already done. Skipping.
Already done. Skipping.
Already done. Skipping.
Already done. Skipping.
Already done. Skipping.
Already done. Skipping.
Already done. Skipping.
Already done. Skipping.
Already done. Skipping.
Already done. Skipping.
Already done. Skipping.
Already done. Skipping.
Already done. Skipping.
Already done. Skipping.
Already done. Skipping.
Already done. Skipping.
Already done. Skipping.
Already done. Skipping.
Already done. Skipping.
Already done. Skipping.
Already done. Skipping.
Already done. Skipping.
Already done. Skipping.
Already done. Skipping.
Already done. Skipping.
Already done. Skipping.
Already done. Skipping.
Already done. Skipping.
Already done. Skipping.
Already done. Skipping.
Already done. Skipping.
Already done. Skipping.
Already done. Skipping.
Already done. Skipping.
Already done. Skipping.
Already done. Skipping.
Already done. Skipping.
Already done. Skipping.
Already done. Skipping.
Already done. Skipping.
Already done. Skipping.
Already done. Skipping.
Already done. Skipping.
Already done. Skipping.
Already done. Skipping.
Already done. Skipping.
Already done. Skipping.
Already done. Skipping.
Already done. Skipping.
Already done. Skipping.
Already done. Skipping.
Already done. Skipping.
Already done. Skipping.
Already done. Skipping.
Already done. Skipping.
Already done. Skipping.
Already done. Skipping.
Already done. Skipping.
Already done. Skipping.
Already done. Skipping.
Already done. Skipping.
Already done. Skipping.
Already done. Skipping.
Already done. Skipping.
Already done. Skipping.
Already done. Skipping.
Already done. Skipping.
Already done. Skipping.
Already done. Skipping.
Already done. Skipping.
Already done. Skipping.
Already done. Skipping.
Already done. Skipping.
Already done. Skipping.
Already done. Skipping.
Already done. Skipping.
Already done. Skipping.
Already done. Skipping.
Already done. Skipping.
Already done. Skipping.
Already done. Skipping.
Already done. Skipping.
Already done. Skipping.
Already done. Skipping.
Already done. Skipping.
Already done. Skipping.
Already done. Skipping.
Already done. Skipping.
Already done. Skipping.
Already done. Skipping.
Already done. Skipping.
Already done. Skipping.
Already done. Skipping.
Already done. Skipping.
Already done. Skipping.
Already done. Skipping.
Already done. Skipping.
Already done. Skipping.
Already done. Skipping.
Already done. Skipping.
Already done. Skipping.
Already done. Skipping.
Already done. Skipping.
Already done. Skipping.
Already done. Skipping.
Already done. Skipping.
Already done. Skipping.
Already done. Skipping.
Already done. Skipping.
Already done. Skipping.
Already done. Skipping.
Already done. Skipping.
Already done. Skipping.
Already done. Skipping.
Already done. Skipping.
Already done. Skipping.
Already done. Skipping.
Already done. Skipping.
Already done. Skipping.
Already done. Skipping.
Already done. Skipping.
Already done. Skipping.
Already done. Skipping.
Already done. Skipping.
Already done. Skipping.
Already done. Skipping.
Already done. Skipping.
Already done. Skipping.
Already done. Skipping.
dstore_idx 103225485 final shape torch.Size([882, 1024])
Keys (103225485, 1024) float16
Vals (103225485, 1) int32
