Channels:
 - pytorch
 - conda-forge
 - defaults
Platform: linux-64
Collecting package metadata (repodata.json): ...working... done
Solving environment: ...working... done

## Package Plan ##

  environment location: /scratch/bcyi/esenergun/knnlm

  added / updated specs:
    - cudatoolkit=11.3
    - pytorch==1.10.1
    - torchaudio==0.10.1
    - torchvision==0.11.2


The following NEW packages will be INSTALLED:

  blas               conda-forge/linux-64::blas-1.0-mkl 
  bzip2              conda-forge/linux-64::bzip2-1.0.8-h4bc722e_7 
  cudatoolkit        conda-forge/linux-64::cudatoolkit-11.3.1-hb98b00a_13 
  ffmpeg             pytorch/linux-64::ffmpeg-4.3-hf484d3e_0 
  freetype           conda-forge/linux-64::freetype-2.10.4-h0708190_1 
  gmp                conda-forge/linux-64::gmp-6.3.0-hac33072_2 
  gnutls             conda-forge/linux-64::gnutls-3.6.13-h85f3911_1 
  icu                conda-forge/linux-64::icu-73.2-h59595ed_0 
  intel-openmp       pkgs/main/linux-64::intel-openmp-2023.1.0-hdb19cb5_46306 
  jbig               conda-forge/linux-64::jbig-2.1-h7f98852_2003 
  jpeg               conda-forge/linux-64::jpeg-9e-h0b41bf4_3 
  lame               conda-forge/linux-64::lame-3.100-h166bdaf_1003 
  lcms2              conda-forge/linux-64::lcms2-2.12-hddcbb42_0 
  lerc               conda-forge/linux-64::lerc-2.2.1-h9c3ff4c_0 
  libblas            conda-forge/linux-64::libblas-3.9.0-1_h86c2bf4_netlib 
  libcblas           conda-forge/linux-64::libcblas-3.9.0-8_h3b12eaf_netlib 
  libdeflate         conda-forge/linux-64::libdeflate-1.7-h7f98852_5 
  libgcc             conda-forge/linux-64::libgcc-14.2.0-h767d61c_2 
  libgcc-ng          conda-forge/linux-64::libgcc-ng-14.2.0-h69a702a_2 
  libgfortran        conda-forge/linux-64::libgfortran-14.2.0-h69a702a_2 
  libgfortran-ng     conda-forge/linux-64::libgfortran-ng-14.2.0-h69a702a_2 
  libgfortran5       conda-forge/linux-64::libgfortran5-14.2.0-hf1ad2bd_2 
  libhwloc           conda-forge/linux-64::libhwloc-2.11.2-default_h0d58e46_1001 
  libiconv           conda-forge/linux-64::libiconv-1.18-h4ce23a2_1 
  liblapack          conda-forge/linux-64::liblapack-3.9.0-8_h3b12eaf_netlib 
  libpng             conda-forge/linux-64::libpng-1.6.37-h21135ba_2 
  libstdcxx          conda-forge/linux-64::libstdcxx-14.2.0-h8f9b012_2 
  libstdcxx-ng       conda-forge/linux-64::libstdcxx-ng-14.2.0-h4852527_2 
  libtiff            conda-forge/linux-64::libtiff-4.3.0-hf544144_1 
  libuv              conda-forge/linux-64::libuv-1.50.0-hb9d3cd8_0 
  libwebp-base       conda-forge/linux-64::libwebp-base-1.5.0-h851e524_0 
  libxml2            pkgs/main/linux-64::libxml2-2.13.5-hfdd30dd_0 
  lz4-c              conda-forge/linux-64::lz4-c-1.9.3-h9c3ff4c_1 
  mkl                pkgs/main/linux-64::mkl-2023.1.0-h213fc3f_46344 
  nettle             conda-forge/linux-64::nettle-3.6-he412f7d_0 
  numpy              conda-forge/linux-64::numpy-1.24.4-py38h59b608b_0 
  olefile            conda-forge/noarch::olefile-0.47-pyhd8ed1ab_0 
  openh264           conda-forge/linux-64::openh264-2.1.1-h780b84a_0 
  openjpeg           conda-forge/linux-64::openjpeg-2.4.0-hb52868f_1 
  pillow             conda-forge/linux-64::pillow-8.3.2-py38h8e6f84c_0 
  python_abi         conda-forge/linux-64::python_abi-3.8-2_cp38 
  pytorch            pytorch/linux-64::pytorch-1.10.1-py3.8_cuda11.3_cudnn8.2.0_0 
  pytorch-mutex      pytorch/noarch::pytorch-mutex-1.0-cuda 
  tbb                conda-forge/linux-64::tbb-2021.13.0-hceb3a55_1 
  torchaudio         pytorch/linux-64::torchaudio-0.10.1-py38_cu113 
  torchvision        pytorch/linux-64::torchvision-0.11.2-py38_cu113 
  typing_extensions  conda-forge/noarch::typing_extensions-4.12.2-pyha770c72_0 
  zstd               conda-forge/linux-64::zstd-1.5.0-ha95c52a_0 



Downloading and Extracting Packages: ...working... done
Preparing transaction: ...working... done
Verifying transaction: ...working... done
Executing transaction: ...working... By downloading and using the CUDA Toolkit conda packages, you accept the terms and conditions of the CUDA End User License Agreement (EULA): https://docs.nvidia.com/cuda/eula/index.html

done
Obtaining file:///work/hdd/bcyi/eergun/knnlm-retrieval-quality
  Preparing metadata (setup.py): started
  Preparing metadata (setup.py): still running...
  Preparing metadata (setup.py): finished with status 'done'
Collecting cffi (from fairseq==0.9.0)
  Downloading cffi-1.17.1-cp38-cp38-manylinux_2_17_x86_64.manylinux2014_x86_64.whl.metadata (1.5 kB)
Collecting cython (from fairseq==0.9.0)
  Using cached Cython-3.0.12-cp38-cp38-manylinux_2_17_x86_64.manylinux2014_x86_64.whl.metadata (3.3 kB)
Requirement already satisfied: numpy in /scratch/bcyi/esenergun/knnlm/lib/python3.8/site-packages (from fairseq==0.9.0) (1.24.4)
Collecting regex (from fairseq==0.9.0)
  Downloading regex-2024.11.6-cp38-cp38-manylinux_2_17_x86_64.manylinux2014_x86_64.whl.metadata (40 kB)
Collecting sacrebleu (from fairseq==0.9.0)
  Downloading sacrebleu-2.5.1-py3-none-any.whl.metadata (51 kB)
Requirement already satisfied: torch in /scratch/bcyi/esenergun/knnlm/lib/python3.8/site-packages (from fairseq==0.9.0) (1.10.1)
Collecting tqdm (from fairseq==0.9.0)
  Downloading tqdm-4.67.1-py3-none-any.whl.metadata (57 kB)
Collecting pycparser (from cffi->fairseq==0.9.0)
  Downloading pycparser-2.22-py3-none-any.whl.metadata (943 bytes)
Collecting portalocker (from sacrebleu->fairseq==0.9.0)
  Downloading portalocker-3.0.0-py3-none-any.whl.metadata (8.5 kB)
Collecting tabulate>=0.8.9 (from sacrebleu->fairseq==0.9.0)
  Downloading tabulate-0.9.0-py3-none-any.whl.metadata (34 kB)
Collecting colorama (from sacrebleu->fairseq==0.9.0)
  Downloading colorama-0.4.6-py2.py3-none-any.whl.metadata (17 kB)
Collecting lxml (from sacrebleu->fairseq==0.9.0)
  Downloading lxml-5.3.1-cp38-cp38-manylinux_2_28_x86_64.whl.metadata (3.5 kB)
Requirement already satisfied: typing_extensions in /scratch/bcyi/esenergun/knnlm/lib/python3.8/site-packages (from torch->fairseq==0.9.0) (4.12.2)
Downloading cffi-1.17.1-cp38-cp38-manylinux_2_17_x86_64.manylinux2014_x86_64.whl (446 kB)
Using cached Cython-3.0.12-cp38-cp38-manylinux_2_17_x86_64.manylinux2014_x86_64.whl (3.6 MB)
Downloading regex-2024.11.6-cp38-cp38-manylinux_2_17_x86_64.manylinux2014_x86_64.whl (785 kB)
   ━━━━━━━━━━━━━━━━━━━━━━━━━━━━━━━━━━━━━━━━ 785.1/785.1 kB 18.0 MB/s eta 0:00:00
Downloading sacrebleu-2.5.1-py3-none-any.whl (104 kB)
Downloading tqdm-4.67.1-py3-none-any.whl (78 kB)
Downloading tabulate-0.9.0-py3-none-any.whl (35 kB)
Downloading colorama-0.4.6-py2.py3-none-any.whl (25 kB)
Downloading lxml-5.3.1-cp38-cp38-manylinux_2_28_x86_64.whl (5.1 MB)
   ━━━━━━━━━━━━━━━━━━━━━━━━━━━━━━━━━━━━━━━━ 5.1/5.1 MB 92.9 MB/s eta 0:00:00
Downloading portalocker-3.0.0-py3-none-any.whl (19 kB)
Downloading pycparser-2.22-py3-none-any.whl (117 kB)
Installing collected packages: tqdm, tabulate, regex, pycparser, portalocker, lxml, cython, colorama, sacrebleu, cffi, fairseq
  Running setup.py develop for fairseq
Successfully installed cffi-1.17.1 colorama-0.4.6 cython-3.0.12 fairseq lxml-5.3.1 portalocker-3.0.0 pycparser-2.22 regex-2024.11.6 sacrebleu-2.5.1 tabulate-0.9.0 tqdm-4.67.1
