Requirement already satisfied: datasets in /scratch/bcyi/esenergun/knnlm/lib/python3.8/site-packages (3.1.0)
Requirement already satisfied: filelock in /scratch/bcyi/esenergun/knnlm/lib/python3.8/site-packages (from datasets) (3.16.1)
Requirement already satisfied: numpy>=1.17 in /scratch/bcyi/esenergun/knnlm/lib/python3.8/site-packages (from datasets) (1.19.5)
Requirement already satisfied: pyarrow>=15.0.0 in /scratch/bcyi/esenergun/knnlm/lib/python3.8/site-packages (from datasets) (17.0.0)
Requirement already satisfied: dill<0.3.9,>=0.3.0 in /scratch/bcyi/esenergun/knnlm/lib/python3.8/site-packages (from datasets) (0.3.8)
Requirement already satisfied: pandas in /scratch/bcyi/esenergun/knnlm/lib/python3.8/site-packages (from datasets) (1.1.5)
Requirement already satisfied: requests>=2.32.2 in /scratch/bcyi/esenergun/knnlm/lib/python3.8/site-packages (from datasets) (2.32.3)
Requirement already satisfied: tqdm>=4.66.3 in /scratch/bcyi/esenergun/knnlm/lib/python3.8/site-packages (from datasets) (4.67.1)
Requirement already satisfied: xxhash in /scratch/bcyi/esenergun/knnlm/lib/python3.8/site-packages (from datasets) (3.5.0)
Requirement already satisfied: multiprocess<0.70.17 in /scratch/bcyi/esenergun/knnlm/lib/python3.8/site-packages (from datasets) (0.70.16)
Requirement already satisfied: fsspec<=2024.9.0,>=2023.1.0 in /scratch/bcyi/esenergun/knnlm/lib/python3.8/site-packages (from fsspec[http]<=2024.9.0,>=2023.1.0->datasets) (2024.9.0)
Requirement already satisfied: aiohttp in /scratch/bcyi/esenergun/knnlm/lib/python3.8/site-packages (from datasets) (3.10.11)
Requirement already satisfied: huggingface-hub>=0.23.0 in /scratch/bcyi/esenergun/knnlm/lib/python3.8/site-packages (from datasets) (0.30.1)
Requirement already satisfied: packaging in /scratch/bcyi/esenergun/knnlm/lib/python3.8/site-packages (from datasets) (24.2)
Requirement already satisfied: pyyaml>=5.1 in /scratch/bcyi/esenergun/knnlm/lib/python3.8/site-packages (from datasets) (6.0.2)
Requirement already satisfied: aiohappyeyeballs>=2.3.0 in /scratch/bcyi/esenergun/knnlm/lib/python3.8/site-packages (from aiohttp->datasets) (2.4.4)
Requirement already satisfied: aiosignal>=1.1.2 in /scratch/bcyi/esenergun/knnlm/lib/python3.8/site-packages (from aiohttp->datasets) (1.3.1)
Requirement already satisfied: attrs>=17.3.0 in /scratch/bcyi/esenergun/knnlm/lib/python3.8/site-packages (from aiohttp->datasets) (25.3.0)
Requirement already satisfied: frozenlist>=1.1.1 in /scratch/bcyi/esenergun/knnlm/lib/python3.8/site-packages (from aiohttp->datasets) (1.5.0)
Requirement already satisfied: multidict<7.0,>=4.5 in /scratch/bcyi/esenergun/knnlm/lib/python3.8/site-packages (from aiohttp->datasets) (6.1.0)
Requirement already satisfied: yarl<2.0,>=1.12.0 in /scratch/bcyi/esenergun/knnlm/lib/python3.8/site-packages (from aiohttp->datasets) (1.15.2)
Requirement already satisfied: async-timeout<6.0,>=4.0 in /scratch/bcyi/esenergun/knnlm/lib/python3.8/site-packages (from aiohttp->datasets) (5.0.1)
Requirement already satisfied: typing-extensions>=3.7.4.3 in /scratch/bcyi/esenergun/knnlm/lib/python3.8/site-packages (from huggingface-hub>=0.23.0->datasets) (4.12.2)
Requirement already satisfied: charset-normalizer<4,>=2 in /scratch/bcyi/esenergun/knnlm/lib/python3.8/site-packages (from requests>=2.32.2->datasets) (3.4.1)
Requirement already satisfied: idna<4,>=2.5 in /scratch/bcyi/esenergun/knnlm/lib/python3.8/site-packages (from requests>=2.32.2->datasets) (3.10)
Requirement already satisfied: urllib3<3,>=1.21.1 in /scratch/bcyi/esenergun/knnlm/lib/python3.8/site-packages (from requests>=2.32.2->datasets) (2.2.3)
Requirement already satisfied: certifi>=2017.4.17 in /scratch/bcyi/esenergun/knnlm/lib/python3.8/site-packages (from requests>=2.32.2->datasets) (2025.1.31)
Requirement already satisfied: python-dateutil>=2.7.3 in /scratch/bcyi/esenergun/knnlm/lib/python3.8/site-packages (from pandas->datasets) (2.9.0)
Requirement already satisfied: pytz>=2017.2 in /scratch/bcyi/esenergun/knnlm/lib/python3.8/site-packages (from pandas->datasets) (2024.2)
Requirement already satisfied: six>=1.5 in /scratch/bcyi/esenergun/knnlm/lib/python3.8/site-packages (from python-dateutil>=2.7.3->pandas->datasets) (1.16.0)
Requirement already satisfied: propcache>=0.2.0 in /scratch/bcyi/esenergun/knnlm/lib/python3.8/site-packages (from yarl<2.0,>=1.12.0->aiohttp->datasets) (0.2.0)
