Running "module reset". Resetting modules to system default. The following $MODULEPATH directories have been removed: None
2025-04-07 20:00:19 | INFO | fairseq_cli.eval_lm | Namespace(add_bos_token=False, all_gather_list_size=16384, bpe=None, context_window=1536, cpu=False, criterion='cross_entropy', data='data-bin/wikitext-103', dataset_impl=None, dstore_filename=None, dstore_fp16=False, dstore_mmap='datastore/wikitext-103/train/dstore', dstore_size=103225485, empty_cache_freq=0, faiss_metric_type='l2', force_anneal=None, fp16=True, fp16_init_scale=128, fp16_no_flatten_grads=False, fp16_scale_tolerance=0.0, fp16_scale_window=None, future_target=False, gen_subset='train', indexfile=None, k=1024, knn_keytype='last_ffn_input', knn_sim_func=None, knnlm=False, lm_eval=True, lmbda=0.0, log_format=None, log_interval=1000, lr_scheduler='fixed', lr_shrink=0.1, max_sentences=None, max_target_positions=None, max_tokens=3072, memory_efficient_fp16=False, min_loss_scale=0.0001, model_overrides="{'knn_keytype': 'last_ffn_input'}", momentum=0.99, move_dstore_to_mem=False, no_load_keys=False, no_min_context=False, no_progress_bar=False, num_shards=1, num_workers=1, optimizer='nag', output_dictionary_size=-1, output_word_probs=False, output_word_stats=False, past_target=False, path='adaptive_lm_wiki103.v2/model.pt', probe=8, quiet=False, remove_bpe=None, required_batch_size_multiple=8, results_path=None, sample_break_mode='none', save_knnlm_dstore=True, seed=1, self_target=False, shard_id=0, skip_invalid_size_inputs_valid_test=False, softmax_batch=1024, task='language_modeling', tensorboard_logdir='', threshold_loss_scale=None, tokenizer=None, tokens_per_sample=1536, truncate_sequence=False, user_dir=None, warmup_updates=0, weight_decay=0.0)
2025-04-07 20:00:19 | INFO | fairseq.tasks.language_modeling | dictionary: 267744 types
2025-04-07 20:00:19 | INFO | fairseq_cli.eval_lm | loading model(s) from adaptive_lm_wiki103.v2/model.pt
2025-04-07 20:00:34 | INFO | fairseq.tasks.language_modeling | dictionary: 267744 types
2025-04-07 20:00:36 | INFO | fairseq.data.data_utils | loaded 1801350 examples from: data-bin/wikitext-103/train
2025-04-07 20:00:36 | INFO | fairseq_cli.eval_lm | data-bin/wikitext-103 train 67206 examples
2025-04-07 20:04:15 | INFO | fairseq_cli.eval_lm | num. model params: 246933504
2025-04-07 20:07:57 | INFO | fairseq.progress_bar | :    999 / 33603 wps=13918
2025-04-07 20:11:36 | INFO | fairseq.progress_bar | :   1999 / 33603 wps=13990
2025-04-07 20:15:16 | INFO | fairseq.progress_bar | :   2999 / 33603 wps=13975
2025-04-07 20:20:12 | INFO | fairseq.progress_bar | :   3999 / 33603 wps=12866
2025-04-07 20:24:07 | INFO | fairseq.progress_bar | :   4999 / 33603 wps=12903
2025-04-07 20:28:14 | INFO | fairseq.progress_bar | :   5999 / 33603 wps=12826
2025-04-07 20:32:56 | INFO | fairseq.progress_bar | :   6999 / 33603 wps=12503
2025-04-07 20:37:07 | INFO | fairseq.progress_bar | :   7999 / 33603 wps=12470
2025-04-07 20:41:28 | INFO | fairseq.progress_bar | :   8999 / 33603 wps=12393
2025-04-07 20:45:34 | INFO | fairseq.progress_bar | :   9999 / 33603 wps=12401
2025-04-07 20:49:55 | INFO | fairseq.progress_bar | :  10999 / 33603 wps=12338
2025-04-07 20:54:27 | INFO | fairseq.progress_bar | :  11999 / 33603 wps=12245
2025-04-07 21:32:02 | INFO | fairseq.progress_bar | :  12999 / 33603 wps=7585
2025-04-07 21:35:56 | INFO | fairseq.progress_bar | :  13999 / 33603 wps=7820
2025-04-07 21:39:56 | INFO | fairseq.progress_bar | :  14999 / 33603 wps=8028
2025-04-07 21:43:57 | INFO | fairseq.progress_bar | :  15999 / 33603 wps=8219
2025-04-07 21:47:37 | INFO | fairseq.progress_bar | :  16999 / 33603 wps=8422
2025-04-07 21:52:30 | INFO | fairseq.progress_bar | :  17999 / 33603 wps=8515
2025-04-07 21:56:44 | INFO | fairseq.progress_bar | :  18999 / 33603 wps=8651
2025-04-07 22:01:08 | INFO | fairseq.progress_bar | :  19999 / 33603 wps=8763
2025-04-07 22:05:45 | INFO | fairseq.progress_bar | :  20999 / 33603 wps=8851
2025-04-07 22:09:48 | INFO | fairseq.progress_bar | :  21999 / 33603 wps=8973
2025-04-07 22:13:53 | INFO | fairseq.progress_bar | :  22999 / 33603 wps=9086
2025-04-07 22:18:13 | INFO | fairseq.progress_bar | :  23999 / 33603 wps=9174
2025-04-07 22:22:36 | INFO | fairseq.progress_bar | :  24999 / 33603 wps=9254
2025-04-07 22:26:42 | INFO | fairseq.progress_bar | :  25999 / 33603 wps=9346
2025-04-07 22:31:04 | INFO | fairseq.progress_bar | :  26999 / 33603 wps=9418
2025-04-07 22:35:08 | INFO | fairseq.progress_bar | :  27999 / 33603 wps=9503
2025-04-07 22:40:50 | INFO | fairseq.progress_bar | :  28999 / 33603 wps=9484
2025-04-07 22:44:57 | INFO | fairseq.progress_bar | :  29999 / 33603 wps=9560
2025-04-07 22:48:57 | INFO | fairseq.progress_bar | :  30999 / 33603 wps=9638
2025-04-07 22:52:33 | INFO | fairseq.progress_bar | :  31999 / 33603 wps=9737
2025-04-07 22:56:39 | INFO | fairseq.progress_bar | :  32999 / 33603 wps=9802
2025-04-07 22:59:10 | INFO | fairseq_cli.eval_lm | Evaluated 103227021 tokens in 6489.2s (15907.59 tokens/s)
2025-04-07 22:59:11 | INFO | fairseq_cli.eval_lm | Loss (base 2): 3.4952, Perplexity: 11.28
