Cloning into 'knnlm-retrieval-quality'...
Updating files:   0% (2/425)
Updating files:   1% (5/425)
Updating files:   2% (9/425)
Updating files:   3% (13/425)
Updating files:   4% (17/425)
Updating files:   4% (18/425)
Updating files:   5% (22/425)
Updating files:   6% (26/425)
Updating files:   7% (30/425)
Updating files:   8% (34/425)
Updating files:   9% (39/425)
Updating files:  10% (43/425)
Updating files:  11% (47/425)
Updating files:  12% (51/425)
Updating files:  12% (55/425)
Updating files:  13% (56/425)
Updating files:  14% (60/425)
Updating files:  14% (63/425)
Updating files:  15% (64/425)
Updating files:  16% (68/425)
Updating files:  16% (71/425)
Updating files:  17% (73/425)
Updating files:  18% (77/425)
Updating files:  19% (81/425)
Updating files:  20% (85/425)
Updating files:  21% (90/425)
Updating files:  22% (94/425)
Updating files:  22% (97/425)
Updating files:  23% (98/425)
Updating files:  24% (102/425)
Updating files:  25% (107/425)
Updating files:  25% (110/425)
Updating files:  26% (111/425)
Updating files:  27% (115/425)
Updating files:  27% (117/425)
Updating files:  28% (119/425)
Updating files:  29% (124/425)
Updating files:  30% (128/425)
Updating files:  31% (132/425)
Updating files:  32% (136/425)
Updating files:  33% (141/425)
Updating files:  33% (142/425)
Updating files:  34% (145/425)
Updating files:  35% (149/425)
Updating files:  36% (153/425)
Updating files:  37% (158/425)
Updating files:  38% (162/425)
Updating files:  39% (166/425)
Updating files:  40% (170/425)
Updating files:  40% (172/425)
Updating files:  41% (175/425)
Updating files:  42% (179/425)
Updating files:  43% (183/425)
Updating files:  44% (187/425)
Updating files:  44% (189/425)
Updating files:  45% (192/425)
Updating files:  46% (196/425)
Updating files:  47% (200/425)
Updating files:  48% (204/425)
Updating files:  49% (209/425)
Updating files:  50% (213/425)
Updating files:  50% (214/425)
Updating files:  51% (217/425)
Updating files:  52% (221/425)
Updating files:  53% (226/425)
Updating files:  53% (227/425)
Updating files:  54% (230/425)
Updating files:  55% (234/425)
Updating files:  56% (238/425)
Updating files:  56% (241/425)
Updating files:  57% (243/425)
Updating files:  58% (247/425)
Updating files:  59% (251/425)
Updating files:  60% (255/425)
Updating files:  60% (259/425)
Updating files:  61% (260/425)
Updating files:  62% (264/425)
Updating files:  63% (268/425)
Updating files:  64% (272/425)
Updating files:  65% (277/425)
Updating files:  66% (281/425)
Updating files:  66% (283/425)
Updating files:  67% (285/425)
Updating files:  67% (287/425)
Updating files:  68% (289/425)
Updating files:  69% (294/425)
Updating files:  70% (298/425)
Updating files:  71% (302/425)
Updating files:  71% (305/425)
Updating files:  72% (306/425)
Updating files:  73% (311/425)
Updating files:  74% (315/425)
Updating files:  75% (319/425)
Updating files:  76% (323/425)
Updating files:  76% (324/425)
Updating files:  77% (328/425)
Updating files:  78% (332/425)
Updating files:  79% (336/425)
Updating files:  80% (340/425)
Updating files:  81% (345/425)
Updating files:  81% (348/425)
Updating files:  82% (349/425)
Updating files:  83% (353/425)
Updating files:  83% (356/425)
Updating files:  84% (357/425)
Updating files:  85% (362/425)
Updating files:  85% (365/425)
Updating files:  86% (366/425)
Updating files:  87% (370/425)
Updating files:  88% (374/425)
Updating files:  89% (379/425)
Updating files:  90% (383/425)
Updating files:  91% (387/425)
Updating files:  92% (391/425)
Updating files:  93% (396/425)
Updating files:  94% (400/425)
Updating files:  95% (404/425)
Updating files:  96% (408/425)
Updating files:  97% (413/425)
Updating files:  97% (416/425)
Updating files:  98% (417/425)
Updating files:  99% (421/425)
Updating files: 100% (425/425)
Updating files: 100% (425/425), done.
  DEPRECATION: Legacy editable install of fairseq==0.9.0 from file:///work/hdd/bcyi/eergun/knnlm-retrieval-quality (setup.py develop) is deprecated. pip 25.0 will enforce this behaviour change. A possible replacement is to add a pyproject.toml or enable --use-pep517, and use setuptools >= 64. If the resulting installation is not behaving as expected, try using --config-settings editable_mode=compat. Please consult the setuptools documentation for more information. Discussion can be found at https://github.com/pypa/pip/issues/11457
slurmstepd: error: *** JOB 8856390 ON gpua037 CANCELLED AT 2025-04-04T14:18:42 DUE TO TIME LIMIT ***
